0 info it worked if it ends with ok
1 verbose cli [ 'node', '/usr/local/bin/npm', 'run', 'watch' ]
2 info using npm@2.14.2
3 info using node@v0.12.7
4 verbose node symlink /usr/local/bin/node
5 verbose config Skipping project config: /Users/imac27chem68/.npmrc. (matches userconfig)
6 verbose stack Error: ENOENT, open '/Users/imac27chem68/package.json'
6 verbose stack     at Error (native)
7 verbose cwd /Users/imac27chem68/Desktop/git-repos/d3js-tutorials
8 error Darwin 15.2.0
9 error argv "node" "/usr/local/bin/npm" "run" "watch"
10 error node v0.12.7
11 error npm  v2.14.2
12 error path /Users/imac27chem68/package.json
13 error code ENOENT
14 error errno -2
15 error enoent ENOENT, open '/Users/imac27chem68/package.json'
15 error enoent This is most likely not a problem with npm itself
15 error enoent and is related to npm not being able to find a file.
16 verbose exit [ -2, true ]
